# JRE version: OpenJDK Runtime Environment (11.0.10) (build 11.0.10+0-b96-7249189)
# Java VM: OpenJDK 64-Bit Server VM (11.0.10+0-b96-7249189, mixed mode, tiered, compressed oops, g1 gc, windows-amd64)
Heap:
 garbage-first heap   total 231424K, used 142336K [0x0000000080000000, 0x0000000100000000)
  region size 1024K, 44 young (45056K), 8 survivors (8192K)
 Metaspace       used 99023K, capacity 101557K, committed 101580K, reserved 1136640K
  class space    used 12620K, capacity 13507K, committed 13516K, reserved 1048576K
GC Heap History (20 events):
Event: 19.470 GC heap before
{Heap before GC invocations=50 (full 0):
 garbage-first heap   total 159744K, used 127080K [0x0000000080000000, 0x0000000100000000)
  region size 1024K, 47 young (48128K), 4 survivors (4096K)
 Metaspace       used 86630K, capacity 88965K, committed 89036K, reserved 1126400K
  class space    used 11128K, capacity 11942K, committed 11980K, reserved 1048576K
}
Event: 19.478 GC heap after
{Heap after GC invocations=51 (full 0):
 garbage-first heap   total 159744K, used 86407K [0x0000000080000000, 0x0000000100000000)
  region size 1024K, 6 young (6144K), 6 survivors (6144K)
 Metaspace       used 86630K, capacity 88965K, committed 89036K, reserved 1126400K
  class space    used 11128K, capacity 11942K, committed 11980K, reserved 1048576K
}
Event: 20.341 GC heap before
{Heap before GC invocations=51 (full 0):
 garbage-first heap   total 159744K, used 129415K [0x0000000080000000, 0x0000000100000000)
  region size 1024K, 49 young (50176K), 6 survivors (6144K)
 Metaspace       used 88038K, capacity 90374K, committed 90572K, reserved 1128448K
  class space    used 11279K, capacity 12104K, committed 12236K, reserved 1048576K
}
Event: 20.352 GC heap after
{Heap after GC invocations=52 (full 0):
 garbage-first heap   total 192512K, used 88587K [0x0000000080000000, 0x0000000100000000)
  region size 1024K, 5 young (5120K), 5 survivors (5120K)
 Metaspace       used 88038K, capacity 90374K, committed 90572K, reserved 1128448K
  class space    used 11279K, capacity 12104K, committed 12236K, reserved 1048576K
}
Event: 21.306 GC heap before
{Heap before GC invocations=53 (full 0):
 garbage-first heap   total 192512K, used 142859K [0x0000000080000000, 0x0000000100000000)
  region size 1024K, 59 young (60416K), 5 survivors (5120K)
 Metaspace       used 91426K, capacity 93561K, committed 94028K, reserved 1130496K
  class space    used 11668K, capacity 12451K, committed 12620K, reserved 1048576K
}
Event: 21.314 GC heap after
{Heap after GC invocations=54 (full 0):
 garbage-first heap   total 192512K, used 90622K [0x0000000080000000, 0x0000000100000000)
  region size 1024K, 5 young (5120K), 5 survivors (5120K)
 Metaspace       used 91426K, capacity 93561K, committed 94028K, reserved 1130496K
  class space    used 11668K, capacity 12451K, committed 12620K, reserved 1048576K
}
Event: 21.801 GC heap before
{Heap before GC invocations=54 (full 0):
 garbage-first heap   total 192512K, used 147966K [0x0000000080000000, 0x0000000100000000)
  region size 1024K, 62 young (63488K), 5 survivors (5120K)
 Metaspace       used 91874K, capacity 94039K, committed 94540K, reserved 1130496K
  class space    used 11731K, capacity 12460K, committed 12620K, reserved 1048576K
}
Event: 21.812 GC heap after
{Heap after GC invocations=55 (full 0):
 garbage-first heap   total 192512K, used 93201K [0x0000000080000000, 0x0000000100000000)
  region size 1024K, 7 young (7168K), 7 survivors (7168K)
 Metaspace       used 91874K, capacity 94039K, committed 94540K, reserved 1130496K
  class space    used 11731K, capacity 12460K, committed 12620K, reserved 1048576K
}
Event: 22.426 GC heap before
{Heap before GC invocations=56 (full 0):
 garbage-first heap   total 192512K, used 158737K [0x0000000080000000, 0x0000000100000000)
  region size 1024K, 70 young (71680K), 7 survivors (7168K)
 Metaspace       used 92154K, capacity 94278K, committed 94924K, reserved 1132544K
  class space    used 11753K, capacity 12495K, committed 12748K, reserved 1048576K
}
Event: 22.437 GC heap after
{Heap after GC invocations=57 (full 0):
 garbage-first heap   total 192512K, used 95197K [0x0000000080000000, 0x0000000100000000)
  region size 1024K, 4 young (4096K), 4 survivors (4096K)
 Metaspace       used 92154K, capacity 94278K, committed 94924K, reserved 1132544K
  class space    used 11753K, capacity 12495K, committed 12748K, reserved 1048576K
}
Event: 22.994 GC heap before
{Heap before GC invocations=57 (full 0):
 garbage-first heap   total 192512K, used 159709K [0x0000000080000000, 0x0000000100000000)
  region size 1024K, 67 young (68608K), 4 survivors (4096K)
 Metaspace       used 92170K, capacity 94342K, committed 94924K, reserved 1132544K
  class space    used 11753K, capacity 12495K, committed 12748K, reserved 1048576K
}
Event: 22.998 GC heap after
{Heap after GC invocations=58 (full 0):
 garbage-first heap   total 192512K, used 95417K [0x0000000080000000, 0x0000000100000000)
  region size 1024K, 5 young (5120K), 5 survivors (5120K)
 Metaspace       used 92170K, capacity 94342K, committed 94924K, reserved 1132544K
  class space    used 11753K, capacity 12495K, committed 12748K, reserved 1048576K
}
Event: 23.490 GC heap before
{Heap before GC invocations=59 (full 0):
 garbage-first heap   total 192512K, used 158905K [0x0000000080000000, 0x0000000100000000)
  region size 1024K, 68 young (69632K), 5 survivors (5120K)
 Metaspace       used 92193K, capacity 94342K, committed 94924K, reserved 1132544K
  class space    used 11753K, capacity 12495K, committed 12748K, reserved 1048576K
}
Event: 23.495 GC heap after
{Heap after GC invocations=60 (full 0):
 garbage-first heap   total 192512K, used 94151K [0x0000000080000000, 0x0000000100000000)
  region size 1024K, 4 young (4096K), 4 survivors (4096K)
 Metaspace       used 92193K, capacity 94342K, committed 94924K, reserved 1132544K
  class space    used 11753K, capacity 12495K, committed 12748K, reserved 1048576K
}
Event: 29.588 GC heap before
{Heap before GC invocations=60 (full 0):
 garbage-first heap   total 192512K, used 159687K [0x0000000080000000, 0x0000000100000000)
  region size 1024K, 69 young (70656K), 4 survivors (4096K)
 Metaspace       used 93687K, capacity 95990K, committed 96332K, reserved 1132544K
  class space    used 11920K, capacity 12732K, committed 12876K, reserved 1048576K
}
Event: 29.602 GC heap after
{Heap after GC invocations=61 (full 0):
 garbage-first heap   total 192512K, used 99021K [0x0000000080000000, 0x0000000100000000)
  region size 1024K, 9 young (9216K), 9 survivors (9216K)
 Metaspace       used 93687K, capacity 95990K, committed 96332K, reserved 1132544K
  class space    used 11920K, capacity 12732K, committed 12876K, reserved 1048576K
}
Event: 29.962 GC heap before
{Heap before GC invocations=62 (full 0):
 garbage-first heap   total 192512K, used 161485K [0x0000000080000000, 0x0000000100000000)
  region size 1024K, 71 young (72704K), 9 survivors (9216K)
 Metaspace       used 94352K, capacity 96639K, committed 96972K, reserved 1132544K
  class space    used 11996K, capacity 12799K, committed 13004K, reserved 1048576K
}
Event: 29.985 GC heap after
{Heap after GC invocations=63 (full 0):
 garbage-first heap   total 192512K, used 101935K [0x0000000080000000, 0x0000000100000000)
  region size 1024K, 5 young (5120K), 5 survivors (5120K)
 Metaspace       used 94352K, capacity 96639K, committed 96972K, reserved 1132544K
  class space    used 11996K, capacity 12799K, committed 13004K, reserved 1048576K
}
Event: 32.544 GC heap before
{Heap before GC invocations=63 (full 0):
 garbage-first heap   total 192512K, used 160303K [0x0000000080000000, 0x0000000100000000)
  region size 1024K, 63 young (64512K), 5 survivors (5120K)
 Metaspace       used 98106K, capacity 100434K, committed 100684K, reserved 1136640K
  class space    used 12472K, capacity 13284K, committed 13388K, reserved 1048576K
}
Event: 32.557 GC heap after
{Heap after GC invocations=64 (full 0):
 garbage-first heap   total 231424K, used 106496K [0x0000000080000000, 0x0000000100000000)
  region size 1024K, 8 young (8192K), 8 survivors (8192K)
 Metaspace       used 98106K, capacity 100434K, committed 100684K, reserved 1136640K
  class space    used 12472K, capacity 13284K, committed 13388K, reserved 1048576K
}

