# JRE version: OpenJDK Runtime Environment (11.0.10) (build 11.0.10+0-b96-7249189)
# Java VM: OpenJDK 64-Bit Server VM (11.0.10+0-b96-7249189, mixed mode, tiered, compressed oops, g1 gc, windows-amd64)
Heap:
 garbage-first heap   total 425984K, used 176818K [0x0000000080000000, 0x0000000100000000)
  region size 1024K, 6 young (6144K), 6 survivors (6144K)
 Metaspace       used 96100K, capacity 98409K, committed 99148K, reserved 1134592K
  class space    used 12276K, capacity 13089K, committed 13388K, reserved 1048576K
GC Heap History (20 events):
Event: 17.171 GC heap after
{Heap after GC invocations=51 (full 0):
 garbage-first heap   total 133120K, used 69027K [0x0000000080000000, 0x0000000100000000)
  region size 1024K, 6 young (6144K), 6 survivors (6144K)
 Metaspace       used 75878K, capacity 77708K, committed 77900K, reserved 1116160K
  class space    used 9787K, capacity 10463K, committed 10572K, reserved 1048576K
}
Event: 18.054 GC heap before
{Heap before GC invocations=52 (full 0):
 garbage-first heap   total 133120K, used 105891K [0x0000000080000000, 0x0000000100000000)
  region size 1024K, 42 young (43008K), 6 survivors (6144K)
 Metaspace       used 80279K, capacity 82143K, committed 82252K, reserved 1120256K
  class space    used 10401K, capacity 11051K, committed 11084K, reserved 1048576K
}
Event: 18.068 GC heap after
{Heap after GC invocations=53 (full 0):
 garbage-first heap   total 185344K, used 71256K [0x0000000080000000, 0x0000000100000000)
  region size 1024K, 5 young (5120K), 5 survivors (5120K)
 Metaspace       used 80279K, capacity 82143K, committed 82252K, reserved 1120256K
  class space    used 10401K, capacity 11051K, committed 11084K, reserved 1048576K
}
Event: 19.433 GC heap before
{Heap before GC invocations=53 (full 0):
 garbage-first heap   total 185344K, used 128600K [0x0000000080000000, 0x0000000100000000)
  region size 1024K, 61 young (62464K), 5 survivors (5120K)
 Metaspace       used 84522K, capacity 86546K, committed 86732K, reserved 1124352K
  class space    used 10873K, capacity 11616K, committed 11724K, reserved 1048576K
}
Event: 19.458 GC heap after
{Heap after GC invocations=54 (full 0):
 garbage-first heap   total 185344K, used 77882K [0x0000000080000000, 0x0000000100000000)
  region size 1024K, 8 young (8192K), 8 survivors (8192K)
 Metaspace       used 84522K, capacity 86546K, committed 86732K, reserved 1124352K
  class space    used 10873K, capacity 11616K, committed 11724K, reserved 1048576K
}
Event: 20.749 GC heap before
{Heap before GC invocations=54 (full 0):
 garbage-first heap   total 185344K, used 137274K [0x0000000080000000, 0x0000000100000000)
  region size 1024K, 67 young (68608K), 8 survivors (8192K)
 Metaspace       used 86223K, capacity 88589K, committed 88780K, reserved 1126400K
  class space    used 11115K, capacity 11969K, committed 11980K, reserved 1048576K
}
Event: 20.782 GC heap after
{Heap after GC invocations=55 (full 0):
 garbage-first heap   total 185344K, used 82771K [0x0000000080000000, 0x0000000100000000)
  region size 1024K, 6 young (6144K), 6 survivors (6144K)
 Metaspace       used 86223K, capacity 88589K, committed 88780K, reserved 1126400K
  class space    used 11115K, capacity 11969K, committed 11980K, reserved 1048576K
}
Event: 21.876 GC heap before
{Heap before GC invocations=55 (full 0):
 garbage-first heap   total 185344K, used 143187K [0x0000000080000000, 0x0000000100000000)
  region size 1024K, 65 young (66560K), 6 survivors (6144K)
 Metaspace       used 86900K, capacity 89259K, committed 89420K, reserved 1126400K
  class space    used 11160K, capacity 12022K, committed 12108K, reserved 1048576K
}
Event: 21.900 GC heap after
{Heap after GC invocations=56 (full 0):
 garbage-first heap   total 185344K, used 86876K [0x0000000080000000, 0x0000000100000000)
  region size 1024K, 4 young (4096K), 4 survivors (4096K)
 Metaspace       used 86900K, capacity 89259K, committed 89420K, reserved 1126400K
  class space    used 11160K, capacity 12022K, committed 12108K, reserved 1048576K
}
Event: 23.218 GC heap before
{Heap before GC invocations=56 (full 0):
 garbage-first heap   total 185344K, used 146268K [0x0000000080000000, 0x0000000100000000)
  region size 1024K, 63 young (64512K), 4 survivors (4096K)
 Metaspace       used 89331K, capacity 91720K, committed 91980K, reserved 1128448K
  class space    used 11460K, capacity 12297K, committed 12364K, reserved 1048576K
}
Event: 23.231 GC heap after
{Heap after GC invocations=57 (full 0):
 garbage-first heap   total 231424K, used 88597K [0x0000000080000000, 0x0000000100000000)
  region size 1024K, 6 young (6144K), 6 survivors (6144K)
 Metaspace       used 89331K, capacity 91720K, committed 91980K, reserved 1128448K
  class space    used 11460K, capacity 12297K, committed 12364K, reserved 1048576K
}
Event: 24.626 GC heap before
{Heap before GC invocations=57 (full 0):
 garbage-first heap   total 231424K, used 161301K [0x0000000080000000, 0x0000000100000000)
  region size 1024K, 78 young (79872K), 6 survivors (6144K)
 Metaspace       used 92425K, capacity 94799K, committed 94924K, reserved 1132544K
  class space    used 11849K, capacity 12722K, committed 12748K, reserved 1048576K
}
Event: 24.658 GC heap after
{Heap after GC invocations=58 (full 0):
 garbage-first heap   total 231424K, used 92511K [0x0000000080000000, 0x0000000100000000)
  region size 1024K, 6 young (6144K), 6 survivors (6144K)
 Metaspace       used 92425K, capacity 94799K, committed 94924K, reserved 1132544K
  class space    used 11849K, capacity 12722K, committed 12748K, reserved 1048576K
}
Event: 25.610 GC heap before
{Heap before GC invocations=58 (full 0):
 garbage-first heap   total 231424K, used 192863K [0x0000000080000000, 0x0000000100000000)
  region size 1024K, 88 young (90112K), 6 survivors (6144K)
 Metaspace       used 93504K, capacity 95953K, committed 96076K, reserved 1132544K
  class space    used 11990K, capacity 12843K, committed 12876K, reserved 1048576K
}
Event: 25.643 GC heap after
{Heap after GC invocations=59 (full 0):
 garbage-first heap   total 231424K, used 119409K [0x0000000080000000, 0x0000000100000000)
  region size 1024K, 11 young (11264K), 11 survivors (11264K)
 Metaspace       used 93504K, capacity 95953K, committed 96076K, reserved 1132544K
  class space    used 11990K, capacity 12843K, committed 12876K, reserved 1048576K
}
Event: 26.099 GC heap before
{Heap before GC invocations=59 (full 0):
 garbage-first heap   total 231424K, used 158321K [0x0000000080000000, 0x0000000100000000)
  region size 1024K, 51 young (52224K), 11 survivors (11264K)
 Metaspace       used 95927K, capacity 98424K, committed 98508K, reserved 1134592K
  class space    used 12320K, capacity 13229K, committed 13260K, reserved 1048576K
}
Event: 26.276 GC heap after
{Heap after GC invocations=60 (full 0):
 garbage-first heap   total 231424K, used 122523K [0x0000000080000000, 0x0000000100000000)
  region size 1024K, 3 young (3072K), 3 survivors (3072K)
 Metaspace       used 95927K, capacity 98424K, committed 98508K, reserved 1134592K
  class space    used 12320K, capacity 13229K, committed 13260K, reserved 1048576K
}
Event: 29.613 GC heap before
{Heap before GC invocations=60 (full 0):
 garbage-first heap   total 231424K, used 215707K [0x0000000080000000, 0x0000000100000000)
  region size 1024K, 57 young (58368K), 3 survivors (3072K)
 Metaspace       used 96100K, capacity 98409K, committed 99148K, reserved 1134592K
  class space    used 12276K, capacity 13089K, committed 13388K, reserved 1048576K
}
Event: 29.714 GC heap after
{Heap after GC invocations=61 (full 0):
 garbage-first heap   total 242688K, used 164753K [0x0000000080000000, 0x0000000100000000)
  region size 1024K, 8 young (8192K), 8 survivors (8192K)
 Metaspace       used 96100K, capacity 98409K, committed 99148K, reserved 1134592K
  class space    used 12276K, capacity 13089K, committed 13388K, reserved 1048576K
}
Event: 30.170 GC heap before
{Heap before GC invocations=62 (full 0):
 garbage-first heap   total 242688K, used 194449K [0x0000000080000000, 0x0000000100000000)
  region size 1024K, 38 young (38912K), 8 survivors (8192K)
 Metaspace       used 96100K, capacity 98409K, committed 99148K, reserved 1134592K
  class space    used 12276K, capacity 13089K, committed 13388K, reserved 1048576K
}

