# JRE version: OpenJDK Runtime Environment (11.0.10) (build 11.0.10+0-b96-7249189)
# Java VM: OpenJDK 64-Bit Server VM (11.0.10+0-b96-7249189, mixed mode, tiered, compressed oops, g1 gc, windows-amd64)
Heap:
 garbage-first heap   total 1068032K, used 341974K [0x0000000080000000, 0x0000000100000000)
  region size 1024K, 4 young (4096K), 4 survivors (4096K)
 Metaspace       used 123411K, capacity 126866K, committed 127180K, reserved 1159168K
  class space    used 15742K, capacity 17019K, committed 17152K, reserved 1048576K
GC Heap History (20 events):
Event: 347.636 GC heap after
{Heap after GC invocations=72 (full 0):
 garbage-first heap   total 254976K, used 232230K [0x0000000080000000, 0x0000000100000000)
  region size 1024K, 2 young (2048K), 2 survivors (2048K)
 Metaspace       used 119781K, capacity 123040K, committed 123212K, reserved 1157120K
  class space    used 15073K, capacity 16244K, committed 16256K, reserved 1048576K
}
Event: 348.601 GC heap before
{Heap before GC invocations=72 (full 0):
 garbage-first heap   total 254976K, used 244518K [0x0000000080000000, 0x0000000100000000)
  region size 1024K, 12 young (12288K), 2 survivors (2048K)
 Metaspace       used 121526K, capacity 124959K, committed 125132K, reserved 1157120K
  class space    used 15541K, capacity 16797K, committed 16896K, reserved 1048576K
}
Event: 348.616 GC heap after
{Heap after GC invocations=73 (full 0):
 garbage-first heap   total 254976K, used 237208K [0x0000000080000000, 0x0000000100000000)
  region size 1024K, 2 young (2048K), 2 survivors (2048K)
 Metaspace       used 121526K, capacity 124959K, committed 125132K, reserved 1157120K
  class space    used 15541K, capacity 16797K, committed 16896K, reserved 1048576K
}
Event: 348.719 GC heap before
{Heap before GC invocations=74 (full 0):
 garbage-first heap   total 254976K, used 247448K [0x0000000080000000, 0x0000000100000000)
  region size 1024K, 12 young (12288K), 2 survivors (2048K)
 Metaspace       used 121930K, capacity 125383K, committed 125644K, reserved 1159168K
  class space    used 15579K, capacity 16852K, committed 16896K, reserved 1048576K
}
Event: 348.737 GC heap after
{Heap after GC invocations=75 (full 0):
 garbage-first heap   total 306176K, used 242469K [0x0000000080000000, 0x0000000100000000)
  region size 1024K, 2 young (2048K), 2 survivors (2048K)
 Metaspace       used 121930K, capacity 125383K, committed 125644K, reserved 1159168K
  class space    used 15579K, capacity 16852K, committed 16896K, reserved 1048576K
}
Event: 348.980 GC heap before
{Heap before GC invocations=75 (full 0):
 garbage-first heap   total 306176K, used 254757K [0x0000000080000000, 0x0000000100000000)
  region size 1024K, 14 young (14336K), 2 survivors (2048K)
 Metaspace       used 122044K, capacity 125521K, committed 125644K, reserved 1159168K
  class space    used 15579K, capacity 16852K, committed 16896K, reserved 1048576K
}
Event: 349.005 GC heap after
{Heap after GC invocations=76 (full 0):
 garbage-first heap   total 306176K, used 248832K [0x0000000080000000, 0x0000000100000000)
  region size 1024K, 2 young (2048K), 2 survivors (2048K)
 Metaspace       used 122044K, capacity 125521K, committed 125644K, reserved 1159168K
  class space    used 15579K, capacity 16852K, committed 16896K, reserved 1048576K
}
Event: 349.041 GC heap before
{Heap before GC invocations=76 (full 0):
 garbage-first heap   total 306176K, used 261120K [0x0000000080000000, 0x0000000100000000)
  region size 1024K, 14 young (14336K), 2 survivors (2048K)
 Metaspace       used 122053K, capacity 125521K, committed 125644K, reserved 1159168K
  class space    used 15579K, capacity 16852K, committed 16896K, reserved 1048576K
}
Event: 349.063 GC heap after
{Heap after GC invocations=77 (full 0):
 garbage-first heap   total 306176K, used 255385K [0x0000000080000000, 0x0000000100000000)
  region size 1024K, 2 young (2048K), 2 survivors (2048K)
 Metaspace       used 122053K, capacity 125521K, committed 125644K, reserved 1159168K
  class space    used 15579K, capacity 16852K, committed 16896K, reserved 1048576K
}
Event: 349.127 GC heap before
{Heap before GC invocations=77 (full 0):
 garbage-first heap   total 306176K, used 267673K [0x0000000080000000, 0x0000000100000000)
  region size 1024K, 14 young (14336K), 2 survivors (2048K)
 Metaspace       used 122063K, capacity 125523K, committed 125644K, reserved 1159168K
  class space    used 15579K, capacity 16852K, committed 16896K, reserved 1048576K
}
Event: 349.138 GC heap after
{Heap after GC invocations=78 (full 0):
 garbage-first heap   total 306176K, used 262291K [0x0000000080000000, 0x0000000100000000)
  region size 1024K, 2 young (2048K), 2 survivors (2048K)
 Metaspace       used 122063K, capacity 125523K, committed 125644K, reserved 1159168K
  class space    used 15579K, capacity 16852K, committed 16896K, reserved 1048576K
}
Event: 349.185 GC heap before
{Heap before GC invocations=78 (full 0):
 garbage-first heap   total 306176K, used 274579K [0x0000000080000000, 0x0000000100000000)
  region size 1024K, 14 young (14336K), 2 survivors (2048K)
 Metaspace       used 122070K, capacity 125524K, committed 125644K, reserved 1159168K
  class space    used 15580K, capacity 16852K, committed 16896K, reserved 1048576K
}
Event: 349.210 GC heap after
{Heap after GC invocations=79 (full 0):
 garbage-first heap   total 448512K, used 268894K [0x0000000080000000, 0x0000000100000000)
  region size 1024K, 2 young (2048K), 2 survivors (2048K)
 Metaspace       used 122070K, capacity 125524K, committed 125644K, reserved 1159168K
  class space    used 15580K, capacity 16852K, committed 16896K, reserved 1048576K
}
Event: 349.399 GC heap before
{Heap before GC invocations=79 (full 0):
 garbage-first heap   total 448512K, used 315998K [0x0000000080000000, 0x0000000100000000)
  region size 1024K, 49 young (50176K), 2 survivors (2048K)
 Metaspace       used 122079K, capacity 125524K, committed 125644K, reserved 1159168K
  class space    used 15580K, capacity 16852K, committed 16896K, reserved 1048576K
}
Event: 349.460 GC heap after
{Heap after GC invocations=80 (full 0):
 garbage-first heap   total 448512K, used 293614K [0x0000000080000000, 0x0000000100000000)
  region size 1024K, 7 young (7168K), 7 survivors (7168K)
 Metaspace       used 122079K, capacity 125524K, committed 125644K, reserved 1159168K
  class space    used 15580K, capacity 16852K, committed 16896K, reserved 1048576K
}
Event: 349.767 GC heap before
{Heap before GC invocations=80 (full 0):
 garbage-first heap   total 448512K, used 334574K [0x0000000080000000, 0x0000000100000000)
  region size 1024K, 48 young (49152K), 7 survivors (7168K)
 Metaspace       used 122084K, capacity 125524K, committed 125644K, reserved 1159168K
  class space    used 15580K, capacity 16852K, committed 16896K, reserved 1048576K
}
Event: 349.850 GC heap after
{Heap after GC invocations=81 (full 0):
 garbage-first heap   total 448512K, used 316167K [0x0000000080000000, 0x0000000100000000)
  region size 1024K, 6 young (6144K), 6 survivors (6144K)
 Metaspace       used 122084K, capacity 125524K, committed 125644K, reserved 1159168K
  class space    used 15580K, capacity 16852K, committed 16896K, reserved 1048576K
}
Event: 350.206 GC heap before
{Heap before GC invocations=81 (full 0):
 garbage-first heap   total 448512K, used 350983K [0x0000000080000000, 0x0000000100000000)
  region size 1024K, 40 young (40960K), 6 survivors (6144K)
 Metaspace       used 122086K, capacity 125524K, committed 125644K, reserved 1159168K
  class space    used 15580K, capacity 16852K, committed 16896K, reserved 1048576K
}
Event: 350.319 GC heap after
{Heap after GC invocations=82 (full 0):
 garbage-first heap   total 448512K, used 336882K [0x0000000080000000, 0x0000000100000000)
  region size 1024K, 5 young (5120K), 5 survivors (5120K)
 Metaspace       used 122086K, capacity 125524K, committed 125644K, reserved 1159168K
  class space    used 15580K, capacity 16852K, committed 16896K, reserved 1048576K
}
Event: 354.043 GC heap before
{Heap before GC invocations=82 (full 0):
 garbage-first heap   total 448512K, used 360434K [0x0000000080000000, 0x0000000100000000)
  region size 1024K, 31 young (31744K), 5 survivors (5120K)
 Metaspace       used 123411K, capacity 126866K, committed 127180K, reserved 1159168K
  class space    used 15742K, capacity 17019K, committed 17152K, reserved 1048576K
}

