# JRE version: OpenJDK Runtime Environment (11.0.10) (build 11.0.10+0-b96-7249189)
# Java VM: OpenJDK 64-Bit Server VM (11.0.10+0-b96-7249189, mixed mode, tiered, compressed oops, g1 gc, windows-amd64)
Heap:
 garbage-first heap   total 960512K, used 350208K [0x0000000080000000, 0x0000000100000000)
  region size 1024K, 8 young (8192K), 8 survivors (8192K)
 Metaspace       used 135729K, capacity 139300K, committed 139392K, reserved 1169408K
  class space    used 17228K, capacity 18533K, committed 18560K, reserved 1048576K
GC Heap History (20 events):
Event: 1371.016 GC heap after
{Heap after GC invocations=82 (full 0):
 garbage-first heap   total 285696K, used 236796K [0x0000000080000000, 0x0000000100000000)
  region size 1024K, 3 young (3072K), 3 survivors (3072K)
 Metaspace       used 131900K, capacity 135162K, committed 135296K, reserved 1167360K
  class space    used 16498K, capacity 17672K, committed 17792K, reserved 1048576K
}
Event: 1371.081 GC heap before
{Heap before GC invocations=82 (full 0):
 garbage-first heap   total 285696K, used 247036K [0x0000000080000000, 0x0000000100000000)
  region size 1024K, 13 young (13312K), 3 survivors (3072K)
 Metaspace       used 131900K, capacity 135162K, committed 135296K, reserved 1167360K
  class space    used 16498K, capacity 17672K, committed 17792K, reserved 1048576K
}
Event: 1371.099 GC heap after
{Heap after GC invocations=83 (full 0):
 garbage-first heap   total 285696K, used 241157K [0x0000000080000000, 0x0000000100000000)
  region size 1024K, 2 young (2048K), 2 survivors (2048K)
 Metaspace       used 131900K, capacity 135162K, committed 135296K, reserved 1167360K
  class space    used 16498K, capacity 17672K, committed 17792K, reserved 1048576K
}
Event: 1371.182 GC heap before
{Heap before GC invocations=83 (full 0):
 garbage-first heap   total 285696K, used 251397K [0x0000000080000000, 0x0000000100000000)
  region size 1024K, 13 young (13312K), 2 survivors (2048K)
 Metaspace       used 131900K, capacity 135162K, committed 135296K, reserved 1167360K
  class space    used 16498K, capacity 17672K, committed 17792K, reserved 1048576K
}
Event: 1371.198 GC heap after
{Heap after GC invocations=84 (full 0):
 garbage-first heap   total 285696K, used 245461K [0x0000000080000000, 0x0000000100000000)
  region size 1024K, 2 young (2048K), 2 survivors (2048K)
 Metaspace       used 131900K, capacity 135162K, committed 135296K, reserved 1167360K
  class space    used 16498K, capacity 17672K, committed 17792K, reserved 1048576K
}
Event: 1371.389 GC heap before
{Heap before GC invocations=85 (full 0):
 garbage-first heap   total 285696K, used 260821K [0x0000000080000000, 0x0000000100000000)
  region size 1024K, 13 young (13312K), 2 survivors (2048K)
 Metaspace       used 131931K, capacity 135261K, committed 135552K, reserved 1167360K
  class space    used 16503K, capacity 17705K, committed 17792K, reserved 1048576K
}
Event: 1371.414 GC heap after
{Heap after GC invocations=86 (full 0):
 garbage-first heap   total 285696K, used 256000K [0x0000000080000000, 0x0000000100000000)
  region size 1024K, 2 young (2048K), 2 survivors (2048K)
 Metaspace       used 131931K, capacity 135261K, committed 135552K, reserved 1167360K
  class space    used 16503K, capacity 17705K, committed 17792K, reserved 1048576K
}
Event: 1372.197 GC heap before
{Heap before GC invocations=86 (full 0):
 garbage-first heap   total 285696K, used 267264K [0x0000000080000000, 0x0000000100000000)
  region size 1024K, 13 young (13312K), 2 survivors (2048K)
 Metaspace       used 134016K, capacity 137503K, committed 137600K, reserved 1169408K
  class space    used 17006K, capacity 18283K, committed 18304K, reserved 1048576K
}
Event: 1372.293 GC heap after
{Heap after GC invocations=87 (full 0):
 garbage-first heap   total 285696K, used 247176K [0x0000000080000000, 0x0000000100000000)
  region size 1024K, 2 young (2048K), 2 survivors (2048K)
 Metaspace       used 134016K, capacity 137503K, committed 137600K, reserved 1169408K
  class space    used 17006K, capacity 18283K, committed 18304K, reserved 1048576K
}
Event: 1372.372 GC heap before
{Heap before GC invocations=87 (full 0):
 garbage-first heap   total 285696K, used 258440K [0x0000000080000000, 0x0000000100000000)
  region size 1024K, 13 young (13312K), 2 survivors (2048K)
 Metaspace       used 134160K, capacity 137664K, committed 137856K, reserved 1169408K
  class space    used 17013K, capacity 18295K, committed 18304K, reserved 1048576K
}
Event: 1372.424 GC heap after
{Heap after GC invocations=88 (full 0):
 garbage-first heap   total 285696K, used 253066K [0x0000000080000000, 0x0000000100000000)
  region size 1024K, 2 young (2048K), 2 survivors (2048K)
 Metaspace       used 134160K, capacity 137664K, committed 137856K, reserved 1169408K
  class space    used 17013K, capacity 18295K, committed 18304K, reserved 1048576K
}
Event: 1372.462 GC heap before
{Heap before GC invocations=88 (full 0):
 garbage-first heap   total 285696K, used 264330K [0x0000000080000000, 0x0000000100000000)
  region size 1024K, 13 young (13312K), 2 survivors (2048K)
 Metaspace       used 134206K, capacity 137733K, committed 137856K, reserved 1169408K
  class space    used 17014K, capacity 18295K, committed 18304K, reserved 1048576K
}
Event: 1372.547 GC heap after
{Heap after GC invocations=89 (full 0):
 garbage-first heap   total 524288K, used 259072K [0x0000000080000000, 0x0000000100000000)
  region size 1024K, 2 young (2048K), 2 survivors (2048K)
 Metaspace       used 134206K, capacity 137733K, committed 137856K, reserved 1169408K
  class space    used 17014K, capacity 18295K, committed 18304K, reserved 1048576K
}
Event: 1372.713 GC heap before
{Heap before GC invocations=89 (full 0):
 garbage-first heap   total 524288K, used 291840K [0x0000000080000000, 0x0000000100000000)
  region size 1024K, 34 young (34816K), 2 survivors (2048K)
 Metaspace       used 134244K, capacity 137736K, committed 137856K, reserved 1169408K
  class space    used 17018K, capacity 18295K, committed 18304K, reserved 1048576K
}
Event: 1372.754 GC heap after
{Heap after GC invocations=90 (full 0):
 garbage-first heap   total 524288K, used 275865K [0x0000000080000000, 0x0000000100000000)
  region size 1024K, 5 young (5120K), 5 survivors (5120K)
 Metaspace       used 134244K, capacity 137736K, committed 137856K, reserved 1169408K
  class space    used 17018K, capacity 18295K, committed 18304K, reserved 1048576K
}
Event: 1372.957 GC heap before
{Heap before GC invocations=90 (full 0):
 garbage-first heap   total 524288K, used 316825K [0x0000000080000000, 0x0000000100000000)
  region size 1024K, 45 young (46080K), 5 survivors (5120K)
 Metaspace       used 134254K, capacity 137800K, committed 137856K, reserved 1169408K
  class space    used 17018K, capacity 18295K, committed 18304K, reserved 1048576K
}
Event: 1372.997 GC heap after
{Heap after GC invocations=91 (full 0):
 garbage-first heap   total 524288K, used 297797K [0x0000000080000000, 0x0000000100000000)
  region size 1024K, 6 young (6144K), 6 survivors (6144K)
 Metaspace       used 134254K, capacity 137800K, committed 137856K, reserved 1169408K
  class space    used 17018K, capacity 18295K, committed 18304K, reserved 1048576K
}
Event: 1373.732 GC heap before
{Heap before GC invocations=91 (full 0):
 garbage-first heap   total 524288K, used 348997K [0x0000000080000000, 0x0000000100000000)
  region size 1024K, 57 young (58368K), 6 survivors (6144K)
 Metaspace       used 134319K, capacity 137864K, committed 138112K, reserved 1169408K
  class space    used 17020K, capacity 18295K, committed 18304K, reserved 1048576K
}
Event: 1373.864 GC heap after
{Heap after GC invocations=92 (full 0):
 garbage-first heap   total 524288K, used 326069K [0x0000000080000000, 0x0000000100000000)
  region size 1024K, 8 young (8192K), 8 survivors (8192K)
 Metaspace       used 134319K, capacity 137864K, committed 138112K, reserved 1169408K
  class space    used 17020K, capacity 18295K, committed 18304K, reserved 1048576K
}
Event: 1375.733 GC heap before
{Heap before GC invocations=92 (full 0):
 garbage-first heap   total 524288K, used 383413K [0x0000000080000000, 0x0000000100000000)
  region size 1024K, 64 young (65536K), 8 survivors (8192K)
 Metaspace       used 135729K, capacity 139300K, committed 139392K, reserved 1169408K
  class space    used 17228K, capacity 18533K, committed 18560K, reserved 1048576K
}

