# JRE version: OpenJDK Runtime Environment (11.0.11+9) (build 11.0.11+9-b60-7590822)
# Java VM: OpenJDK 64-Bit Server VM (11.0.11+9-b60-7590822, mixed mode, tiered, compressed oops, g1 gc, windows-amd64)
Heap:
 garbage-first heap   total 385024K, used 94566K [0x00000000c2400000, 0x0000000100000000)
  region size 1024K, 9 young (9216K), 9 survivors (9216K)
 Metaspace       used 68635K, capacity 69864K, committed 70044K, reserved 1112064K
  class space    used 7498K, capacity 7905K, committed 7936K, reserved 1048576K
GC Heap History (20 events):
Event: 7.234 GC heap after
{Heap after GC invocations=15 (full 0):
 garbage-first heap   total 114688K, used 53171K [0x00000000c2400000, 0x0000000100000000)
  region size 1024K, 4 young (4096K), 4 survivors (4096K)
 Metaspace       used 57355K, capacity 58019K, committed 58268K, reserved 1101824K
  class space    used 6537K, capacity 6800K, committed 6912K, reserved 1048576K
}
Event: 7.873 GC heap before
{Heap before GC invocations=16 (full 0):
 garbage-first heap   total 114688K, used 80819K [0x00000000c2400000, 0x0000000100000000)
  region size 1024K, 31 young (31744K), 4 survivors (4096K)
 Metaspace       used 57645K, capacity 58373K, committed 58524K, reserved 1101824K
  class space    used 6548K, capacity 6832K, committed 6912K, reserved 1048576K
}
Event: 7.905 GC heap after
{Heap after GC invocations=17 (full 0):
 garbage-first heap   total 114688K, used 58866K [0x00000000c2400000, 0x0000000100000000)
  region size 1024K, 4 young (4096K), 4 survivors (4096K)
 Metaspace       used 57645K, capacity 58373K, committed 58524K, reserved 1101824K
  class space    used 6548K, capacity 6832K, committed 6912K, reserved 1048576K
}
Event: 8.126 GC heap before
{Heap before GC invocations=17 (full 0):
 garbage-first heap   total 114688K, used 84466K [0x00000000c2400000, 0x0000000100000000)
  region size 1024K, 29 young (29696K), 4 survivors (4096K)
 Metaspace       used 57766K, capacity 58502K, committed 58780K, reserved 1101824K
  class space    used 6551K, capacity 6832K, committed 6912K, reserved 1048576K
}
Event: 8.156 GC heap after
{Heap after GC invocations=18 (full 0):
 garbage-first heap   total 114688K, used 63982K [0x00000000c2400000, 0x0000000100000000)
  region size 1024K, 4 young (4096K), 4 survivors (4096K)
 Metaspace       used 57766K, capacity 58502K, committed 58780K, reserved 1101824K
  class space    used 6551K, capacity 6832K, committed 6912K, reserved 1048576K
}
Event: 8.413 GC heap before
{Heap before GC invocations=19 (full 0):
 garbage-first heap   total 114688K, used 88558K [0x00000000c2400000, 0x0000000100000000)
  region size 1024K, 28 young (28672K), 4 survivors (4096K)
 Metaspace       used 57788K, capacity 58502K, committed 58780K, reserved 1101824K
  class space    used 6551K, capacity 6832K, committed 6912K, reserved 1048576K
}
Event: 8.469 GC heap after
{Heap after GC invocations=20 (full 0):
 garbage-first heap   total 114688K, used 68493K [0x00000000c2400000, 0x0000000100000000)
  region size 1024K, 4 young (4096K), 4 survivors (4096K)
 Metaspace       used 57788K, capacity 58502K, committed 58780K, reserved 1101824K
  class space    used 6551K, capacity 6832K, committed 6912K, reserved 1048576K
}
Event: 8.591 GC heap before
{Heap before GC invocations=20 (full 0):
 garbage-first heap   total 114688K, used 91021K [0x00000000c2400000, 0x0000000100000000)
  region size 1024K, 26 young (26624K), 4 survivors (4096K)
 Metaspace       used 57933K, capacity 58642K, committed 58780K, reserved 1101824K
  class space    used 6565K, capacity 6836K, committed 6912K, reserved 1048576K
}
Event: 8.605 GC heap after
{Heap after GC invocations=21 (full 0):
 garbage-first heap   total 192512K, used 69632K [0x00000000c2400000, 0x0000000100000000)
  region size 1024K, 1 young (1024K), 1 survivors (1024K)
 Metaspace       used 57933K, capacity 58642K, committed 58780K, reserved 1101824K
  class space    used 6565K, capacity 6836K, committed 6912K, reserved 1048576K
}
Event: 8.978 GC heap before
{Heap before GC invocations=22 (full 0):
 garbage-first heap   total 192512K, used 115712K [0x00000000c2400000, 0x0000000100000000)
  region size 1024K, 46 young (47104K), 1 survivors (1024K)
 Metaspace       used 57949K, capacity 58642K, committed 58780K, reserved 1101824K
  class space    used 6566K, capacity 6836K, committed 6912K, reserved 1048576K
}
Event: 9.033 GC heap after
{Heap after GC invocations=23 (full 0):
 garbage-first heap   total 192512K, used 69070K [0x00000000c2400000, 0x0000000100000000)
  region size 1024K, 1 young (1024K), 1 survivors (1024K)
 Metaspace       used 57949K, capacity 58642K, committed 58780K, reserved 1101824K
  class space    used 6566K, capacity 6836K, committed 6912K, reserved 1048576K
}
Event: 9.120 GC heap before
{Heap before GC invocations=23 (full 0):
 garbage-first heap   total 192512K, used 125390K [0x00000000c2400000, 0x0000000100000000)
  region size 1024K, 56 young (57344K), 1 survivors (1024K)
 Metaspace       used 57953K, capacity 58642K, committed 58780K, reserved 1101824K
  class space    used 6566K, capacity 6836K, committed 6912K, reserved 1048576K
}
Event: 9.121 GC heap after
{Heap after GC invocations=24 (full 0):
 garbage-first heap   total 192512K, used 69095K [0x00000000c2400000, 0x0000000100000000)
  region size 1024K, 1 young (1024K), 1 survivors (1024K)
 Metaspace       used 57953K, capacity 58642K, committed 58780K, reserved 1101824K
  class space    used 6566K, capacity 6836K, committed 6912K, reserved 1048576K
}
Event: 10.900 GC heap before
{Heap before GC invocations=24 (full 0):
 garbage-first heap   total 192512K, used 132583K [0x00000000c2400000, 0x0000000100000000)
  region size 1024K, 63 young (64512K), 1 survivors (1024K)
 Metaspace       used 60721K, capacity 61444K, committed 61596K, reserved 1103872K
  class space    used 6804K, capacity 7082K, committed 7168K, reserved 1048576K
}
Event: 10.915 GC heap after
{Heap after GC invocations=25 (full 0):
 garbage-first heap   total 192512K, used 72267K [0x00000000c2400000, 0x0000000100000000)
  region size 1024K, 4 young (4096K), 4 survivors (4096K)
 Metaspace       used 60721K, capacity 61444K, committed 61596K, reserved 1103872K
  class space    used 6804K, capacity 7082K, committed 7168K, reserved 1048576K
}
Event: 13.151 GC heap before
{Heap before GC invocations=25 (full 0):
 garbage-first heap   total 192512K, used 141899K [0x00000000c2400000, 0x0000000100000000)
  region size 1024K, 71 young (72704K), 4 survivors (4096K)
 Metaspace       used 66230K, capacity 67125K, committed 67356K, reserved 1110016K
  class space    used 7329K, capacity 7686K, committed 7808K, reserved 1048576K
}
Event: 13.200 GC heap after
{Heap after GC invocations=26 (full 0):
 garbage-first heap   total 192512K, used 81181K [0x00000000c2400000, 0x0000000100000000)
  region size 1024K, 9 young (9216K), 9 survivors (9216K)
 Metaspace       used 66230K, capacity 67125K, committed 67356K, reserved 1110016K
  class space    used 7329K, capacity 7686K, committed 7808K, reserved 1048576K
}
Event: 14.616 GC heap before
{Heap before GC invocations=26 (full 0):
 garbage-first heap   total 192512K, used 148765K [0x00000000c2400000, 0x0000000100000000)
  region size 1024K, 73 young (74752K), 9 survivors (9216K)
 Metaspace       used 67772K, capacity 68961K, committed 69276K, reserved 1110016K
  class space    used 7447K, capacity 7867K, committed 7936K, reserved 1048576K
}
Event: 15.032 GC heap after
{Heap after GC invocations=27 (full 0):
 garbage-first heap   total 192512K, used 87891K [0x00000000c2400000, 0x0000000100000000)
  region size 1024K, 5 young (5120K), 5 survivors (5120K)
 Metaspace       used 67772K, capacity 68961K, committed 69276K, reserved 1110016K
  class space    used 7447K, capacity 7867K, committed 7936K, reserved 1048576K
}
Event: 17.692 GC heap before
{Heap before GC invocations=27 (full 0):
 garbage-first heap   total 192512K, used 150355K [0x00000000c2400000, 0x0000000100000000)
  region size 1024K, 66 young (67584K), 5 survivors (5120K)
 Metaspace       used 68635K, capacity 69864K, committed 70044K, reserved 1112064K
  class space    used 7498K, capacity 7905K, committed 7936K, reserved 1048576K
}

